Determining if the pthread_create exist failed with the following output:
Change Dir: /work/build/CMakeFiles/CMakeTmp

Run Build Command:"/usr/bin/make" "cmTC_b2045/fast"
/usr/bin/make -f CMakeFiles/cmTC_b2045.dir/build.make CMakeFiles/cmTC_b2045.dir/build
make[1]: Entering directory '/work/build/CMakeFiles/CMakeTmp'
Building CXX object CMakeFiles/cmTC_b2045.dir/CheckSymbolExists.cxx.o
/usr/bin/c++    -std=gnu++1z -o CMakeFiles/cmTC_b2045.dir/CheckSymbolExists.cxx.o -c /work/build/CMakeFiles/CMakeTmp/CheckSymbolExists.cxx
Linking CXX executable cmTC_b2045
/usr/bin/cmake -E cmake_link_script CMakeFiles/cmTC_b2045.dir/link.txt --verbose=1
/usr/bin/c++       CMakeFiles/cmTC_b2045.dir/CheckSymbolExists.cxx.o  -o cmTC_b2045 
CMakeFiles/cmTC_b2045.dir/CheckSymbolExists.cxx.o: In function `main':
CheckSymbolExists.cxx:(.text+0x1b): undefined reference to `pthread_create'
collect2: error: ld returned 1 exit status
CMakeFiles/cmTC_b2045.dir/build.make:97: recipe for target 'cmTC_b2045' failed
make[1]: *** [cmTC_b2045] Error 1
make[1]: Leaving directory '/work/build/CMakeFiles/CMakeTmp'
Makefile:126: recipe for target 'cmTC_b2045/fast' failed
make: *** [cmTC_b2045/fast] Error 2

File /work/build/CMakeFiles/CMakeTmp/CheckSymbolExists.cxx:
/* */
#include <pthread.h>

int main(int argc, char** argv)
{
  (void)argv;
#ifndef pthread_create
  return ((int*)(&pthread_create))[argc];
#else
  (void)argc;
  return 0;
#endif
}

Determining if the function pthread_create exists in the pthreads failed with the following output:
Change Dir: /work/build/CMakeFiles/CMakeTmp

Run Build Command:"/usr/bin/make" "cmTC_4f0ad/fast"
/usr/bin/make -f CMakeFiles/cmTC_4f0ad.dir/build.make CMakeFiles/cmTC_4f0ad.dir/build
make[1]: Entering directory '/work/build/CMakeFiles/CMakeTmp'
Building CXX object CMakeFiles/cmTC_4f0ad.dir/CheckFunctionExists.cxx.o
/usr/bin/c++    -DCHECK_FUNCTION_EXISTS=pthread_create   -std=gnu++1z -o CMakeFiles/cmTC_4f0ad.dir/CheckFunctionExists.cxx.o -c /work/build/CMakeFiles/CheckLibraryExists/CheckFunctionExists.cxx
Linking CXX executable cmTC_4f0ad
/usr/bin/cmake -E cmake_link_script CMakeFiles/cmTC_4f0ad.dir/link.txt --verbose=1
/usr/bin/c++   -DCHECK_FUNCTION_EXISTS=pthread_create    CMakeFiles/cmTC_4f0ad.dir/CheckFunctionExists.cxx.o  -o cmTC_4f0ad -lpthreads 
/usr/bin/ld: cannot find -lpthreads
collect2: error: ld returned 1 exit status
CMakeFiles/cmTC_4f0ad.dir/build.make:97: recipe for target 'cmTC_4f0ad' failed
make[1]: *** [cmTC_4f0ad] Error 1
make[1]: Leaving directory '/work/build/CMakeFiles/CMakeTmp'
Makefile:126: recipe for target 'cmTC_4f0ad/fast' failed
make: *** [cmTC_4f0ad/fast] Error 2


